[2025-11-10T17:10:03.408Z] [error]: HIDE::400::Error::Login sessions require session support. Did you forget to use `express-session` middleware?::
[2025-11-10T17:10:03.545Z] [error]: HIDE::404::NotFound::Route is not exists::
[2025-11-10T17:10:42.310Z] [error]: HIDE::404::NotFound::Route is not exists::
[2025-11-11T02:27:18.071Z] [error]: HIDE::400::Error::Login sessions require session support. Did you forget to use `express-session` middleware?::
[2025-11-11T02:27:18.208Z] [error]: HIDE::404::NotFound::Route is not exists::
[2025-11-11T03:28:40.095Z] [error]: HIDE::400::BadRequest::Google profile is invalid!::
[2025-11-11T03:29:44.317Z] [error]: HIDE::400::BadRequest::Google profile is invalid!::
[2025-11-11T03:30:50.468Z] [error]: HIDE::400::BadRequest::Google profile is invalid!::
[2025-11-11T03:31:54.224Z] [error]: HIDE::400::ValidationError::User validation failed: password: Path `password` is required.::
[2025-11-11T03:38:21.001Z] [error]: HIDE::400::TypeError::userExists.save is not a function. (In 'userExists.save()', 'userExists.save' is undefined)::
[2025-11-11T03:42:00.346Z] [error]: HIDE::403::Forbidden::Token not found!::
[2025-11-11T03:45:06.070Z] [error]: HIDE::403::Forbidden::This account already uses Google login!::
[2025-11-11T03:48:15.189Z] [error]: HIDE::403::Forbidden::This account already uses Google login!::
[2025-11-11T03:48:47.184Z] [error]: HIDE::403::Forbidden::This account already uses Google login!::
[2025-11-11T03:48:55.756Z] [error]: HIDE::403::Forbidden::This account already uses Google login!::
[2025-11-11T03:49:06.100Z] [error]: HIDE::403::Forbidden::This account already uses Google login!::
[2025-11-11T03:50:51.079Z] [error]: HIDE::403::Forbidden::This account already uses Google login!::
[2025-11-11T03:51:23.111Z] [error]: HIDE::403::Forbidden::This account already uses Google login!::
[2025-11-11T03:51:27.724Z] [error]: HIDE::400::BadRequest::[
  {
    "validation": "regex",
    "code": "invalid_string",
    "message": "Password must contain at least one uppercase letter, one lowercase letter, one number, and one special character",
    "path": [
      "password"
    ]
  }
]::
[2025-11-11T03:51:30.120Z] [error]: HIDE::404::NotFound::Username or password is not correct!::
