[2025-11-10T17:00:00.110Z] [info]: Cleanup key token: 2 key token cleaned
[2025-11-10T17:00:00.113Z] [info]: Cleanup key token: 0 refresh token used cleaned
[2025-11-10T17:01:00.112Z] [info]: Cleanup key token: 2 key token cleaned
[2025-11-10T17:01:00.113Z] [info]: Cleanup key token: 0 refresh token used cleaned
[2025-11-10T17:02:00.137Z] [info]: Cleanup key token: 2 key token cleaned
[2025-11-10T17:02:00.140Z] [info]: Cleanup key token: 0 refresh token used cleaned
[2025-11-10T17:03:00.217Z] [info]: Cleanup key token: 2 key token cleaned
[2025-11-10T17:03:00.218Z] [info]: Cleanup key token: 0 refresh token used cleaned
[2025-11-10T17:04:00.225Z] [info]: Cleanup key token: 2 key token cleaned
[2025-11-10T17:04:00.226Z] [info]: Cleanup key token: 0 refresh token used cleaned
[2025-11-10T17:04:21.818Z] [info]: Socket.IO service initialized
[2025-11-10T17:04:26.700Z] [info]: Socket.IO service initialized
[2025-11-10T17:04:28.869Z] [info]: Socket.IO service initialized
[2025-11-10T17:04:49.955Z] [info]: Socket.IO service initialized
[2025-11-10T17:05:00.162Z] [info]: Cleanup key token: 2 key token cleaned
[2025-11-10T17:05:00.162Z] [info]: Cleanup key token: 0 refresh token used cleaned
[2025-11-10T17:09:28.219Z] [info]: Socket.IO service initialized
[2025-11-10T17:10:00.163Z] [info]: Cleanup key token: 1 key token cleaned
[2025-11-10T17:10:00.164Z] [info]: Cleanup key token: 0 refresh token used cleaned
[2025-11-10T17:11:00.103Z] [info]: Cleanup key token: 1 key token cleaned
[2025-11-10T17:11:00.104Z] [info]: Cleanup key token: 0 refresh token used cleaned
[2025-11-11T02:24:48.473Z] [info]: Socket.IO service initialized
[2025-11-11T02:25:00.130Z] [info]: Cleanup key token: 2 key token cleaned
[2025-11-11T02:25:00.131Z] [info]: Cleanup key token: 0 refresh token used cleaned
[2025-11-11T02:25:16.634Z] [info]: Socket.IO service initialized
[2025-11-11T02:25:31.522Z] [info]: Socket.IO service initialized
[2025-11-11T02:25:38.216Z] [info]: Socket.IO service initialized
[2025-11-11T02:26:00.130Z] [info]: Cleanup key token: 2 key token cleaned
[2025-11-11T02:26:00.131Z] [info]: Cleanup key token: 0 refresh token used cleaned
[2025-11-11T02:27:00.465Z] [info]: Cleanup key token: 2 key token cleaned
[2025-11-11T02:27:00.466Z] [info]: Cleanup key token: 0 refresh token used cleaned
[2025-11-11T02:28:00.093Z] [info]: Cleanup key token: 2 key token cleaned
[2025-11-11T02:28:00.094Z] [info]: Cleanup key token: 0 refresh token used cleaned
[2025-11-11T02:28:12.199Z] [info]: Socket.IO service initialized
[2025-11-11T02:28:38.964Z] [info]: Socket.IO service initialized
[2025-11-11T02:28:43.868Z] [info]: Socket.IO service initialized
[2025-11-11T02:29:00.224Z] [info]: Cleanup key token: 2 key token cleaned
[2025-11-11T02:29:00.224Z] [info]: Cleanup key token: 0 refresh token used cleaned
[2025-11-11T02:29:17.924Z] [info]: Socket.IO service initialized
[2025-11-11T02:29:23.048Z] [info]: Socket.IO service initialized
(117202748895060778370) [2025-11-11T02:29:41.423Z] [info]: Google OAuth successful, user:
[2025-11-11T02:30:00.137Z] [info]: Cleanup key token: 2 key token cleaned
[2025-11-11T02:30:00.139Z] [info]: Cleanup key token: 0 refresh token used cleaned
[2025-11-11T02:31:00.118Z] [info]: Cleanup key token: 2 key token cleaned
[2025-11-11T02:31:00.119Z] [info]: Cleanup key token: 0 refresh token used cleaned
[2025-11-11T02:31:03.981Z] [info]: Socket.IO service initialized
[2025-11-11T02:31:20.516Z] [info]: Socket.IO service initialized
[2025-11-11T02:31:26.575Z] [info]: Socket.IO service initialized
[2025-11-11T02:31:37.581Z] [info]: Socket.IO service initialized
[2025-11-11T02:31:41.826Z] [info]: Socket.IO service initialized
[2025-11-11T02:31:48.416Z] [info]: {
  "id": "117202748895060778370",
  "displayName": "Còn Trần",
  "name": {
    "familyName": "Trần",
    "givenName": "Còn"
  },
  "photos": [
    {
      "value": "https://lh3.googleusercontent.com/a/ACg8ocL0LjeGLGlMTQ-AqPc3_kjYrC7aUmdVDVRW8hOKzbLQ6_jq8agWnw=s96-c"
    }
  ],
  "provider": "google",
  "_raw": "{\n  \"sub\": \"117202748895060778370\",\n  \"name\": \"Còn Trần\",\n  \"given_name\": \"Còn\",\n  \"family_name\": \"Trần\",\n  \"picture\": \"https://lh3.googleusercontent.com/a/ACg8ocL0LjeGLGlMTQ-AqPc3_kjYrC7aUmdVDVRW8hOKzbLQ6_jq8agWnw\\u003ds96-c\"\n}",
  "_json": {
    "sub": "117202748895060778370",
    "name": "Còn Trần",
    "given_name": "Còn",
    "family_name": "Trần",
    "picture": "https://lh3.googleusercontent.com/a/ACg8ocL0LjeGLGlMTQ-AqPc3_kjYrC7aUmdVDVRW8hOKzbLQ6_jq8agWnw=s96-c"
  }
}
[2025-11-11T02:32:00.241Z] [info]: Cleanup key token: 2 key token cleaned
[2025-11-11T02:32:00.242Z] [info]: Cleanup key token: 0 refresh token used cleaned
[2025-11-11T02:32:19.038Z] [info]: Socket.IO service initialized
[2025-11-11T02:32:41.236Z] [info]: Socket.IO service initialized
[2025-11-11T02:32:50.702Z] [info]: Socket.IO service initialized
[2025-11-11T02:33:00.148Z] [info]: Cleanup key token: 2 key token cleaned
[2025-11-11T02:33:00.149Z] [info]: Cleanup key token: 0 refresh token used cleaned
[2025-11-11T02:33:41.049Z] [info]: Socket.IO service initialized
[2025-11-11T02:34:10.625Z] [info]: Socket.IO service initialized
[2025-11-11T02:34:21.098Z] [info]: Socket.IO service initialized
[2025-11-11T02:34:26.754Z] [info]: Socket.IO service initialized
[2025-11-11T02:34:28.449Z] [info]: Socket.IO service initialized
[2025-11-11T02:34:32.633Z] [info]: Socket.IO service initialized
[2025-11-11T02:34:36.326Z] [info]: Socket.IO service initialized
[2025-11-11T02:34:46.239Z] [info]: Socket.IO service initialized
[2025-11-11T02:34:52.236Z] [info]: Socket.IO service initialized
[2025-11-11T02:35:00.141Z] [info]: Cleanup key token: 2 key token cleaned
[2025-11-11T02:35:00.142Z] [info]: Cleanup key token: 0 refresh token used cleaned
[2025-11-11T02:35:13.938Z] [info]: Socket.IO service initialized
[2025-11-11T02:35:16.954Z] [info]: Socket.IO service initialized
[2025-11-11T02:35:24.506Z] [info]: Socket.IO service initialized
[2025-11-11T02:35:31.680Z] [info]: Socket.IO service initialized
[2025-11-11T02:35:52.361Z] [info]: Socket.IO service initialized
[2025-11-11T02:35:55.714Z] [info]: Socket.IO service initialized
[2025-11-11T02:35:58.555Z] [info]: Socket.IO service initialized
[2025-11-11T02:36:15.921Z] [info]: Socket.IO service initialized
[2025-11-11T02:36:24.018Z] [info]: Socket.IO service initialized
[2025-11-11T02:36:26.425Z] [info]: Socket.IO service initialized
[2025-11-11T02:36:29.874Z] [info]: Socket.IO service initialized
[2025-11-11T02:36:31.895Z] [info]: Socket.IO service initialized
[2025-11-11T02:36:37.205Z] [info]: Socket.IO service initialized
[2025-11-11T02:36:42.398Z] [info]: Socket.IO service initialized
[2025-11-11T02:36:56.980Z] [info]: Socket.IO service initialized
[2025-11-11T02:39:03.167Z] [info]: Socket.IO service initialized
[2025-11-11T02:39:05.905Z] [info]: Socket.IO service initialized
[2025-11-11T02:39:44.687Z] [info]: Socket.IO service initialized
[2025-11-11T02:39:48.260Z] [info]: Socket.IO service initialized
[2025-11-11T02:39:55.835Z] [info]: Socket.IO service initialized
[2025-11-11T02:39:58.545Z] [info]: Socket.IO service initialized
[2025-11-11T02:40:01.330Z] [info]: Socket.IO service initialized
[2025-11-11T02:40:04.878Z] [info]: Socket.IO service initialized
[2025-11-11T02:40:10.356Z] [info]: Socket.IO service initialized
[2025-11-11T02:40:14.556Z] [info]: Socket.IO service initialized
[2025-11-11T02:40:18.872Z] [info]: Socket.IO service initialized
[2025-11-11T02:40:27.983Z] [info]: Socket.IO service initialized
[2025-11-11T02:40:32.474Z] [info]: Socket.IO service initialized
[2025-11-11T02:40:35.824Z] [info]: Socket.IO service initialized
[2025-11-11T02:40:43.466Z] [info]: Socket.IO service initialized
[2025-11-11T02:41:00.220Z] [info]: Cleanup key token: 2 key token cleaned
[2025-11-11T02:41:00.221Z] [info]: Cleanup key token: 0 refresh token used cleaned
[2025-11-11T02:41:13.431Z] [info]: Socket.IO service initialized
[2025-11-11T02:41:18.707Z] [info]: Socket.IO service initialized
[2025-11-11T02:41:23.660Z] [info]: Socket.IO service initialized
[2025-11-11T02:41:31.503Z] [info]: Socket.IO service initialized
[2025-11-11T02:41:35.007Z] [info]: Socket.IO service initialized
[2025-11-11T02:41:56.904Z] [info]: Socket.IO service initialized
[2025-11-11T02:42:01.302Z] [info]: Socket.IO service initialized
[2025-11-11T02:42:04.005Z] [info]: Socket.IO service initialized
[2025-11-11T02:42:07.415Z] [info]: Socket.IO service initialized
[2025-11-11T02:42:22.539Z] [info]: Socket.IO service initialized
[2025-11-11T02:42:40.672Z] [info]: Socket.IO service initialized
[2025-11-11T02:42:44.008Z] [info]: Socket.IO service initialized
[2025-11-11T02:42:47.906Z] [info]: Socket.IO service initialized
[2025-11-11T02:42:57.673Z] [info]: Socket.IO service initialized
[2025-11-11T02:43:01.339Z] [info]: Socket.IO service initialized
[2025-11-11T02:43:04.797Z] [info]: Socket.IO service initialized
[2025-11-11T02:43:08.543Z] [info]: Socket.IO service initialized
[2025-11-11T02:43:11.606Z] [info]: Socket.IO service initialized
[2025-11-11T02:43:16.127Z] [info]: Socket.IO service initialized
[2025-11-11T02:43:26.542Z] [info]: Socket.IO service initialized
[2025-11-11T02:43:32.728Z] [info]: Socket.IO service initialized
[2025-11-11T02:43:56.327Z] [info]: Socket.IO service initialized
[2025-11-11T02:44:14.115Z] [info]: Socket.IO service initialized
[2025-11-11T02:44:16.806Z] [info]: Socket.IO service initialized
[2025-11-11T02:44:19.151Z] [info]: Socket.IO service initialized
[2025-11-11T02:44:22.089Z] [info]: Socket.IO service initialized
[2025-11-11T02:44:24.087Z] [info]: Socket.IO service initialized
[2025-11-11T02:44:25.854Z] [info]: Socket.IO service initialized
[2025-11-11T02:45:00.874Z] [info]: Socket.IO service initialized
[2025-11-11T02:45:05.661Z] [info]: Socket.IO service initialized
[2025-11-11T02:45:16.573Z] [info]: Socket.IO service initialized
[2025-11-11T02:46:00.332Z] [info]: Cleanup key token: 2 key token cleaned
[2025-11-11T02:46:00.332Z] [info]: Cleanup key token: 0 refresh token used cleaned
[2025-11-11T02:47:00.109Z] [info]: Cleanup key token: 2 key token cleaned
[2025-11-11T02:47:00.110Z] [info]: Cleanup key token: 0 refresh token used cleaned
[2025-11-11T02:48:00.123Z] [info]: Cleanup key token: 2 key token cleaned
[2025-11-11T02:48:00.124Z] [info]: Cleanup key token: 0 refresh token used cleaned
[2025-11-11T02:49:00.121Z] [info]: Cleanup key token: 2 key token cleaned
[2025-11-11T02:49:00.122Z] [info]: Cleanup key token: 0 refresh token used cleaned
[2025-11-11T02:50:00.197Z] [info]: Cleanup key token: 2 key token cleaned
[2025-11-11T02:50:00.198Z] [info]: Cleanup key token: 0 refresh token used cleaned
[2025-11-11T02:50:10.148Z] [info]: Socket.IO service initialized
[2025-11-11T02:50:30.883Z] [info]: Socket.IO service initialized
[2025-11-11T02:50:34.100Z] [info]: Socket.IO service initialized
[2025-11-11T02:50:36.873Z] [info]: Socket.IO service initialized
[2025-11-11T02:50:43.617Z] [info]: Socket.IO service initialized
[2025-11-11T02:51:00.245Z] [info]: Socket.IO service initialized
[2025-11-11T02:51:03.981Z] [info]: Socket.IO service initialized
[2025-11-11T02:51:17.428Z] [info]: Socket.IO service initialized
[2025-11-11T02:51:22.480Z] [info]: Socket.IO service initialized
[2025-11-11T02:51:25.355Z] [info]: Socket.IO service initialized
[2025-11-11T02:51:30.217Z] [info]: Socket.IO service initialized
[2025-11-11T02:51:38.767Z] [info]: Socket.IO service initialized
[2025-11-11T02:51:42.465Z] [info]: Socket.IO service initialized
[2025-11-11T02:51:55.167Z] [info]: Socket.IO service initialized
[2025-11-11T02:51:58.790Z] [info]: Socket.IO service initialized
[2025-11-11T02:52:01.139Z] [info]: Socket.IO service initialized
[2025-11-11T02:52:08.580Z] [info]: Socket.IO service initialized
[2025-11-11T02:52:15.251Z] [info]: Socket.IO service initialized
[2025-11-11T02:52:18.182Z] [info]: Socket.IO service initialized
[2025-11-11T02:52:20.729Z] [info]: Socket.IO service initialized
[2025-11-11T02:52:23.312Z] [info]: Socket.IO service initialized
[2025-11-11T02:52:24.937Z] [info]: Socket.IO service initialized
[2025-11-11T02:52:26.865Z] [info]: Socket.IO service initialized
[2025-11-11T02:52:31.981Z] [info]: Socket.IO service initialized
[2025-11-11T02:52:38.329Z] [info]: Socket.IO service initialized
[2025-11-11T02:52:58.387Z] [info]: Socket.IO service initialized
[2025-11-11T02:53:00.268Z] [info]: Cleanup key token: 2 key token cleaned
[2025-11-11T02:53:00.269Z] [info]: Cleanup key token: 0 refresh token used cleaned
[2025-11-11T02:53:45.960Z] [info]: Socket.IO service initialized
[2025-11-11T02:54:00.140Z] [info]: Cleanup key token: 2 key token cleaned
[2025-11-11T02:54:00.141Z] [info]: Cleanup key token: 0 refresh token used cleaned
[2025-11-11T02:54:13.976Z] [info]: Socket.IO service initialized
[2025-11-11T02:54:17.699Z] [info]: Socket.IO service initialized
[2025-11-11T02:54:26.185Z] [info]: Socket.IO service initialized
[2025-11-11T02:54:27.960Z] [info]: Socket.IO service initialized
[2025-11-11T02:54:29.811Z] [info]: Socket.IO service initialized
[2025-11-11T02:54:32.972Z] [info]: Socket.IO service initialized
[2025-11-11T02:54:35.891Z] [info]: Socket.IO service initialized
[2025-11-11T02:54:40.961Z] [info]: Socket.IO service initialized
[2025-11-11T02:55:08.141Z] [info]: Socket.IO service initialized
[2025-11-11T02:55:15.810Z] [info]: Socket.IO service initialized
[2025-11-11T02:55:17.469Z] [info]: Socket.IO service initialized
[2025-11-11T02:55:20.962Z] [info]: Socket.IO service initialized
[2025-11-11T02:55:28.352Z] [info]: Socket.IO service initialized
[2025-11-11T02:55:33.698Z] [info]: Socket.IO service initialized
[2025-11-11T02:55:37.474Z] [info]: Socket.IO service initialized
[2025-11-11T02:55:42.201Z] [info]: Socket.IO service initialized
[2025-11-11T02:55:57.851Z] [info]: Socket.IO service initialized
[2025-11-11T02:56:00.194Z] [info]: Cleanup key token: 2 key token cleaned
[2025-11-11T02:56:00.195Z] [info]: Cleanup key token: 0 refresh token used cleaned
[2025-11-11T02:56:03.207Z] [info]: Socket.IO service initialized
[2025-11-11T02:56:09.798Z] [info]: Socket.IO service initialized
[2025-11-11T02:56:15.827Z] [info]: Socket.IO service initialized
[2025-11-11T02:56:17.921Z] [info]: Socket.IO service initialized
[2025-11-11T02:57:00.151Z] [info]: Cleanup key token: 2 key token cleaned
[2025-11-11T02:57:00.152Z] [info]: Cleanup key token: 0 refresh token used cleaned
[2025-11-11T02:57:34.707Z] [info]: Socket.IO service initialized
[2025-11-11T02:57:37.506Z] [info]: Socket.IO service initialized
[2025-11-11T02:58:01.487Z] [info]: Socket.IO service initialized
[2025-11-11T02:58:09.786Z] [info]: Socket.IO service initialized
[2025-11-11T02:58:43.909Z] [info]: Socket.IO service initialized
[2025-11-11T02:58:46.311Z] [info]: Socket.IO service initialized
[2025-11-11T02:59:00.150Z] [info]: Cleanup key token: 2 key token cleaned
[2025-11-11T02:59:00.151Z] [info]: Cleanup key token: 0 refresh token used cleaned
[2025-11-11T02:59:13.772Z] [info]: Socket.IO service initialized
[2025-11-11T02:59:17.915Z] [info]: Socket.IO service initialized
[2025-11-11T02:59:24.807Z] [info]: Socket.IO service initialized
[2025-11-11T02:59:28.264Z] [info]: Socket.IO service initialized
[2025-11-11T02:59:29.945Z] [info]: Socket.IO service initialized
[2025-11-11T02:59:44.942Z] [info]: Socket.IO service initialized
[2025-11-11T02:59:46.481Z] [info]: Socket.IO service initialized
[2025-11-11T02:59:49.125Z] [info]: Socket.IO service initialized
[2025-11-11T03:00:00.150Z] [info]: Cleanup key token: 2 key token cleaned
[2025-11-11T03:00:00.151Z] [info]: Cleanup key token: 0 refresh token used cleaned
[2025-11-11T03:01:00.228Z] [info]: Cleanup key token: 2 key token cleaned
[2025-11-11T03:01:00.229Z] [info]: Cleanup key token: 0 refresh token used cleaned
[2025-11-11T03:02:00.094Z] [info]: Cleanup key token: 2 key token cleaned
[2025-11-11T03:02:00.095Z] [info]: Cleanup key token: 0 refresh token used cleaned
[2025-11-11T03:03:00.245Z] [info]: Cleanup key token: 2 key token cleaned
[2025-11-11T03:03:00.246Z] [info]: Cleanup key token: 0 refresh token used cleaned
[2025-11-11T03:04:00.119Z] [info]: Cleanup key token: 2 key token cleaned
[2025-11-11T03:04:00.120Z] [info]: Cleanup key token: 0 refresh token used cleaned
[2025-11-11T03:05:00.101Z] [info]: Cleanup key token: 2 key token cleaned
[2025-11-11T03:05:00.102Z] [info]: Cleanup key token: 0 refresh token used cleaned
[2025-11-11T03:06:00.265Z] [info]: Cleanup key token: 2 key token cleaned
[2025-11-11T03:06:00.266Z] [info]: Cleanup key token: 0 refresh token used cleaned
[2025-11-11T03:07:00.108Z] [info]: Cleanup key token: 2 key token cleaned
[2025-11-11T03:07:00.108Z] [info]: Cleanup key token: 0 refresh token used cleaned
[2025-11-11T03:08:00.279Z] [info]: Cleanup key token: 2 key token cleaned
[2025-11-11T03:08:00.280Z] [info]: Cleanup key token: 0 refresh token used cleaned
[2025-11-11T03:09:02.558Z] [info]: Cleanup key token: 2 key token cleaned
[2025-11-11T03:09:02.559Z] [info]: Cleanup key token: 0 refresh token used cleaned
[2025-11-11T03:10:04.269Z] [info]: Cleanup key token: 2 key token cleaned
[2025-11-11T03:10:04.270Z] [info]: Cleanup key token: 0 refresh token used cleaned
[2025-11-11T03:11:00.351Z] [info]: Cleanup key token: 2 key token cleaned
[2025-11-11T03:11:00.352Z] [info]: Cleanup key token: 0 refresh token used cleaned
[2025-11-11T03:12:00.115Z] [info]: Cleanup key token: 2 key token cleaned
[2025-11-11T03:12:00.116Z] [info]: Cleanup key token: 0 refresh token used cleaned
[2025-11-11T03:13:00.313Z] [info]: Cleanup key token: 2 key token cleaned
[2025-11-11T03:13:00.314Z] [info]: Cleanup key token: 0 refresh token used cleaned
[2025-11-11T03:14:00.815Z] [info]: Cleanup key token: 2 key token cleaned
[2025-11-11T03:14:00.817Z] [info]: Cleanup key token: 0 refresh token used cleaned
[2025-11-11T03:15:01.335Z] [info]: Cleanup key token: 2 key token cleaned
[2025-11-11T03:15:01.336Z] [info]: Cleanup key token: 0 refresh token used cleaned
[2025-11-11T03:16:02.586Z] [info]: Cleanup key token: 2 key token cleaned
[2025-11-11T03:16:02.587Z] [info]: Cleanup key token: 0 refresh token used cleaned
[2025-11-11T03:17:00.147Z] [info]: Cleanup key token: 2 key token cleaned
[2025-11-11T03:17:00.148Z] [info]: Cleanup key token: 0 refresh token used cleaned
[2025-11-11T03:18:00.204Z] [info]: Cleanup key token: 2 key token cleaned
[2025-11-11T03:18:00.208Z] [info]: Cleanup key token: 0 refresh token used cleaned
[2025-11-11T03:19:00.156Z] [info]: Cleanup key token: 2 key token cleaned
[2025-11-11T03:19:00.158Z] [info]: Cleanup key token: 0 refresh token used cleaned
[2025-11-11T03:20:00.164Z] [info]: Cleanup key token: 2 key token cleaned
[2025-11-11T03:20:00.165Z] [info]: Cleanup key token: 0 refresh token used cleaned
[2025-11-11T03:20:28.980Z] [info]: Socket.IO service initialized
[2025-11-11T03:20:31.039Z] [info]: Socket.IO service initialized
[2025-11-11T03:20:40.292Z] [info]: Socket.IO service initialized
[2025-11-11T03:20:44.136Z] [info]: Socket.IO service initialized
[2025-11-11T03:20:46.662Z] [info]: Socket.IO service initialized
[2025-11-11T03:20:53.677Z] [info]: Socket.IO service initialized
[2025-11-11T03:20:59.980Z] [info]: Socket.IO service initialized
[2025-11-11T03:21:03.474Z] [info]: Socket.IO service initialized
[2025-11-11T03:21:10.579Z] [info]: Socket.IO service initialized
[2025-11-11T03:21:16.828Z] [info]: Socket.IO service initialized
[2025-11-11T03:21:23.370Z] [info]: Socket.IO service initialized
[2025-11-11T03:21:25.656Z] [info]: Socket.IO service initialized
[2025-11-11T03:21:29.212Z] [info]: Socket.IO service initialized
[2025-11-11T03:22:00.130Z] [info]: Cleanup key token: 2 key token cleaned
[2025-11-11T03:22:00.130Z] [info]: Cleanup key token: 0 refresh token used cleaned
[2025-11-11T03:22:39.957Z] [info]: Socket.IO service initialized
[2025-11-11T03:22:47.843Z] [info]: Socket.IO service initialized
[2025-11-11T03:23:01.024Z] [info]: Socket.IO service initialized
[2025-11-11T03:23:09.662Z] [info]: Socket.IO service initialized
[2025-11-11T03:23:30.568Z] [info]: Socket.IO service initialized
[2025-11-11T03:23:35.414Z] [info]: Socket.IO service initialized
[2025-11-11T03:23:39.489Z] [info]: Socket.IO service initialized
[2025-11-11T03:23:41.536Z] [info]: Socket.IO service initialized
[2025-11-11T03:23:46.775Z] [info]: Socket.IO service initialized
[2025-11-11T03:23:48.734Z] [info]: Socket.IO service initialized
[2025-11-11T03:23:59.454Z] [info]: Socket.IO service initialized
[2025-11-11T03:24:00.123Z] [info]: Cleanup key token: 2 key token cleaned
[2025-11-11T03:24:00.123Z] [info]: Cleanup key token: 0 refresh token used cleaned
[2025-11-11T03:24:02.614Z] [info]: Socket.IO service initialized
[2025-11-11T03:24:08.680Z] [info]: Socket.IO service initialized
[2025-11-11T03:24:46.272Z] [info]: Socket.IO service initialized
[2025-11-11T03:24:48.138Z] [info]: Socket.IO service initialized
[2025-11-11T03:25:00.153Z] [info]: Cleanup key token: 2 key token cleaned
[2025-11-11T03:25:00.153Z] [info]: Cleanup key token: 0 refresh token used cleaned
[2025-11-11T03:26:00.197Z] [info]: Cleanup key token: 2 key token cleaned
[2025-11-11T03:26:00.198Z] [info]: Cleanup key token: 0 refresh token used cleaned
[2025-11-11T03:26:26.667Z] [info]: Socket.IO service initialized
[2025-11-11T03:27:01.194Z] [info]: Socket.IO service initialized
[2025-11-11T03:28:00.275Z] [info]: Cleanup key token: 2 key token cleaned
[2025-11-11T03:28:00.276Z] [info]: Cleanup key token: 0 refresh token used cleaned
[2025-11-11T03:28:12.641Z] [info]: Socket.IO service initialized
[2025-11-11T03:28:15.500Z] [info]: Socket.IO service initialized
[2025-11-11T03:28:59.760Z] [info]: Socket.IO service initialized
[2025-11-11T03:29:00.422Z] [info]: Cleanup key token: 1 key token cleaned
[2025-11-11T03:29:00.423Z] [info]: Cleanup key token: 0 refresh token used cleaned
[2025-11-11T03:29:05.271Z] [info]: Socket.IO service initialized
[2025-11-11T03:29:08.043Z] [info]: Socket.IO service initialized
[2025-11-11T03:29:18.525Z] [info]: Socket.IO service initialized
[2025-11-11T03:29:26.892Z] [info]: Socket.IO service initialized
[2025-11-11T03:29:32.808Z] [info]: Socket.IO service initialized
[2025-11-11T03:29:44.309Z] [info]: Google Profile: {
  "googleId": "117202748895060778370",
  "user_fullName": "Còn Trần",
  "user_avatar": "https://lh3.googleusercontent.com/a/ACg8ocL0LjeGLGlMTQ-AqPc3_kjYrC7aUmdVDVRW8hOKzbLQ6_jq8agWnw=s96-c"
}
[2025-11-11T03:30:00.108Z] [info]: Cleanup key token: 1 key token cleaned
[2025-11-11T03:30:00.108Z] [info]: Cleanup key token: 0 refresh token used cleaned
[2025-11-11T03:30:26.614Z] [info]: Socket.IO service initialized
[2025-11-11T03:30:50.464Z] [info]: Google Profile: {
  "googleId": "117202748895060778370",
  "user_fullName": "Còn Trần",
  "user_avatar": "https://lh3.googleusercontent.com/a/ACg8ocL0LjeGLGlMTQ-AqPc3_kjYrC7aUmdVDVRW8hOKzbLQ6_jq8agWnw=s96-c"
}
[2025-11-11T03:31:00.241Z] [info]: Cleanup key token: 1 key token cleaned
[2025-11-11T03:31:00.242Z] [info]: Cleanup key token: 0 refresh token used cleaned
[2025-11-11T03:31:44.081Z] [info]: Socket.IO service initialized
[2025-11-11T03:31:54.106Z] [info]: Google Profile: {
  "googleId": "117202748895060778370",
  "email": "tranvanconkg@gmail.com",
  "user_fullName": "Còn Trần",
  "user_avatar": "https://lh3.googleusercontent.com/a/ACg8ocL0LjeGLGlMTQ-AqPc3_kjYrC7aUmdVDVRW8hOKzbLQ6_jq8agWnw=s96-c"
}
[2025-11-11T03:32:00.118Z] [info]: Cleanup key token: 1 key token cleaned
[2025-11-11T03:32:00.119Z] [info]: Cleanup key token: 0 refresh token used cleaned
[2025-11-11T03:32:14.514Z] [info]: Socket.IO service initialized
[2025-11-11T03:32:18.519Z] [info]: Socket.IO service initialized
[2025-11-11T03:32:58.661Z] [info]: Socket.IO service initialized
[2025-11-11T03:33:00.260Z] [info]: Cleanup key token: 1 key token cleaned
[2025-11-11T03:33:00.260Z] [info]: Cleanup key token: 0 refresh token used cleaned
[2025-11-11T03:33:46.776Z] [info]: Socket.IO service initialized
[2025-11-11T03:34:00.141Z] [info]: Cleanup key token: 1 key token cleaned
[2025-11-11T03:34:00.142Z] [info]: Cleanup key token: 0 refresh token used cleaned
[2025-11-11T03:34:44.754Z] [info]: Socket.IO service initialized
[2025-11-11T03:35:00.155Z] [info]: Cleanup key token: 1 key token cleaned
[2025-11-11T03:35:00.156Z] [info]: Cleanup key token: 0 refresh token used cleaned
[2025-11-11T03:35:45.339Z] [info]: Socket.IO service initialized
[2025-11-11T03:35:51.054Z] [info]: Google Profile: {
  "googleId": "117202748895060778370",
  "email": "tranvanconkg@gmail.com",
  "user_fullName": "Còn Trần",
  "user_avatar": "https://lh3.googleusercontent.com/a/ACg8ocL0LjeGLGlMTQ-AqPc3_kjYrC7aUmdVDVRW8hOKzbLQ6_jq8agWnw=s96-c"
}
[2025-11-11T03:36:00.272Z] [info]: Cleanup key token: 2 key token cleaned
[2025-11-11T03:36:00.273Z] [info]: Cleanup key token: 0 refresh token used cleaned
[2025-11-11T03:36:11.971Z] [info]: Socket.IO service initialized
[2025-11-11T03:37:00.164Z] [info]: Cleanup key token: 2 key token cleaned
[2025-11-11T03:37:00.165Z] [info]: Cleanup key token: 0 refresh token used cleaned
[2025-11-11T03:37:51.603Z] [info]: Google Profile: {
  "googleId": "109102079866284658409",
  "email": "tranconcoder@gmail.com",
  "user_fullName": "Trần Còn",
  "user_avatar": "https://lh3.googleusercontent.com/a/ACg8ocKglsadlZ89RgkoFc3tPIs-m0rHZjpON5G3mAwgQNZMUQmRDaU=s96-c"
}
[2025-11-11T03:38:00.346Z] [info]: Cleanup key token: 3 key token cleaned
[2025-11-11T03:38:00.346Z] [info]: Cleanup key token: 0 refresh token used cleaned
[2025-11-11T03:38:20.945Z] [info]: Google Profile: {
  "googleId": "109102079866284658409",
  "email": "tranconcoder@gmail.com",
  "user_fullName": "Trần Còn",
  "user_avatar": "https://lh3.googleusercontent.com/a/ACg8ocKglsadlZ89RgkoFc3tPIs-m0rHZjpON5G3mAwgQNZMUQmRDaU=s96-c"
}
[2025-11-11T03:39:00.166Z] [info]: Cleanup key token: 3 key token cleaned
[2025-11-11T03:39:00.167Z] [info]: Cleanup key token: 0 refresh token used cleaned
[2025-11-11T03:39:28.362Z] [info]: Socket.IO service initialized
[2025-11-11T03:40:00.384Z] [info]: Cleanup key token: 3 key token cleaned
[2025-11-11T03:40:00.384Z] [info]: Cleanup key token: 0 refresh token used cleaned
[2025-11-11T03:40:28.767Z] [info]: Google Profile: {
  "googleId": "117202748895060778370",
  "email": "tranvanconkg@gmail.com",
  "user_fullName": "Còn Trần",
  "user_avatar": "https://lh3.googleusercontent.com/a/ACg8ocL0LjeGLGlMTQ-AqPc3_kjYrC7aUmdVDVRW8hOKzbLQ6_jq8agWnw=s96-c"
}
[2025-11-11T03:41:00.305Z] [info]: Cleanup key token: 1 key token cleaned
[2025-11-11T03:41:00.306Z] [info]: Cleanup key token: 0 refresh token used cleaned
[2025-11-11T03:41:05.638Z] [info]: Google Profile: {
  "googleId": "117202748895060778370",
  "email": "tranvanconkg@gmail.com",
  "user_fullName": "Còn Trần",
  "user_avatar": "https://lh3.googleusercontent.com/a/ACg8ocL0LjeGLGlMTQ-AqPc3_kjYrC7aUmdVDVRW8hOKzbLQ6_jq8agWnw=s96-c"
}
