[2025-11-21T12:36:48.610Z] [error]: HIDE::400::BadRequest::[
  {
    "code": "invalid_type",
    "expected": "string",
    "received": "undefined",
    "path": [
      "email"
    ],
    "message": "Required"
  }
]::
[2025-11-21T12:39:34.274Z] [error]: HIDE::400::BadRequest::[
  {
    "code": "invalid_type",
    "expected": "string",
    "received": "undefined",
    "path": [
      "email"
    ],
    "message": "Required"
  }
]::
[2025-11-21T12:45:19.585Z] [error]: HIDE::400::BadRequest::[
  {
    "code": "invalid_type",
    "expected": "string",
    "received": "undefined",
    "path": [
      "email"
    ],
    "message": "Required"
  }
]::
[2025-11-21T12:56:01.433Z] [error]: HIDE::400::BadRequest::[
  {
    "code": "invalid_type",
    "expected": "string",
    "received": "undefined",
    "path": [
      "email"
    ],
    "message": "Required"
  }
]::
[2025-11-21T12:59:23.169Z] [error]: HIDE::400::BadRequest::[
  {
    "code": "invalid_type",
    "expected": "string",
    "received": "undefined",
    "path": [
      "email"
    ],
    "message": "Required"
  }
]::
[2025-11-21T13:01:35.101Z] [error]: HIDE::400::BadRequest::[
  {
    "code": "invalid_type",
    "expected": "object",
    "received": "string",
    "path": [],
    "message": "Expected object, received string"
  }
]::
